[    0.000000] Initializing cgroup subsys cpuset
[    0.000000] Initializing cgroup subsys cpu
[    0.000000] Initializing cgroup subsys cpuacct
[    0.000000] Linux version 4.4.0-141-generic (buildd@lcy01-amd64-006) (gcc version 5.4.0 20160609 (Ubuntu 5.4.0-6ubuntu1~16.04.10) ) #167-Ubuntu SMP Wed Dec 5 10:40:15 UTC 2018 (Ubuntu 4.4.0-141.167-generic 4.4.162)
[    0.000000] Command line: BOOT_IMAGE=/boot/vmlinuz-4.4.0-141-generic root=LABEL=cloudimg-rootfs ro console=tty1 console=ttyS0
[    0.000000] KERNEL supported cpus:
[    0.000000]   Intel GenuineIntel
[    0.000000]   AMD AuthenticAMD
[    0.000000]   Centaur CentaurHauls
[    0.000000] x86/fpu: xstate_offset[2]:  576, xstate_sizes[2]:  256
[    0.000000] x86/fpu: Supporting XSAVE feature 0x01: 'x87 floating point registers'
[    0.000000] x86/fpu: Supporting XSAVE feature 0x02: 'SSE registers'
[    0.000000] x86/fpu: Supporting XSAVE feature 0x04: 'AVX registers'
[    0.000000] x86/fpu: Enabled xstate features 0x7, context size is 832 bytes, using 'standard' format.
[    0.000000] e820: BIOS-provided physical RAM map:
[    0.000000] BIOS-e820: [mem 0x0000000000000000-0x000000000009fbff] usable
[    0.000000] BIOS-e820: [mem 0x000000000009fc00-0x000000000009ffff] reserved
[    0.000000] BIOS-e820: [mem 0x00000000000f0000-0x00000000000fffff] reserved
[    0.000000] BIOS-e820: [mem 0x0000000000100000-0x000000003ffeffff] usable
[    0.000000] BIOS-e820: [mem 0x000000003fff0000-0x000000003fffffff] ACPI data
[    0.000000] BIOS-e820: [mem 0x00000000fec00000-0x00000000fec00fff] reserved
[    0.000000] BIOS-e820: [mem 0x00000000fee00000-0x00000000fee00fff] reserved
[    0.000000] BIOS-e820: [mem 0x00000000fffc0000-0x00000000ffffffff] reserved
[    0.000000] NX (Execute Disable) protection: active
[    0.000000] SMBIOS 2.5 present.
[    0.000000] Hypervisor detected: KVM
[    0.000000] e820: last_pfn = 0x3fff0 max_arch_pfn = 0x400000000
[    0.000000] MTRR: Disabled
[    0.000000] x86/PAT: MTRRs disabled, skipping PAT initialization too.
[    0.000000] CPU MTRRs all blank - virtualized system.
[    0.000000] x86/PAT: Configuration [0-7]: WB  WT  UC- UC  WB  WT  UC- UC  
[    0.000000] found SMP MP-table at [mem 0x0009fff0-0x0009ffff] mapped at [ffff88000009fff0]
[    0.000000] Scanning 1 areas for low memory corruption
[    0.000000] RAMDISK: [mem 0x36308000-0x3717bfff]
[    0.000000] ACPI: Early table checksum verification disabled
[    0.000000] ACPI: RSDP 0x00000000000E0000 000024 (v02 VBOX  )
[    0.000000] ACPI: XSDT 0x000000003FFF0030 00003C (v01 VBOX   VBOXXSDT 00000001 ASL  00000061)
[    0.000000] ACPI: FACP 0x000000003FFF00F0 0000F4 (v04 VBOX   VBOXFACP 00000001 ASL  00000061)
[    0.000000] ACPI: DSDT 0x000000003FFF0470 0021FF (v02 VBOX   VBOXBIOS 00000002 INTL 20100528)
[    0.000000] ACPI: FACS 0x000000003FFF0200 000040
[    0.000000] ACPI: FACS 0x000000003FFF0200 000040
[    0.000000] ACPI: APIC 0x000000003FFF0240 00005C (v02 VBOX   VBOXAPIC 00000001 ASL  00000061)
[    0.000000] ACPI: SSDT 0x000000003FFF02A0 0001CC (v01 VBOX   VBOXCPUT 00000002 INTL 20100528)
[    0.000000] No NUMA configuration found
[    0.000000] Faking a node at [mem 0x0000000000000000-0x000000003ffeffff]
[    0.000000] NODE_DATA(0) allocated [mem 0x3ffeb000-0x3ffeffff]
[    0.000000] kvm-clock: Using msrs 4b564d01 and 4b564d00
[    0.000000] kvm-clock: cpu 0, msr 0:3ffe3001, primary cpu clock
[    0.000000] kvm-clock: using sched offset of 3399972646 cycles
[    0.000000] clocksource: kvm-clock: mask: 0xffffffffffffffff max_cycles: 0x1cd42e4dffb, max_idle_ns: 881590591483 ns
[    0.000000] Zone ranges:
[    0.000000]   DMA      [mem 0x0000000000001000-0x0000000000ffffff]
[    0.000000]   DMA32    [mem 0x0000000001000000-0x000000003ffeffff]
[    0.000000]   Normal   empty
[    0.000000]   Device   empty
[    0.000000] Movable zone start for each node
[    0.000000] Early memory node ranges
[    0.000000]   node   0: [mem 0x0000000000001000-0x000000000009efff]
[    0.000000]   node   0: [mem 0x0000000000100000-0x000000003ffeffff]
[    0.000000] Initmem setup node 0 [mem 0x0000000000001000-0x000000003ffeffff]
[    0.000000] ACPI: PM-Timer IO Port: 0x4008
[    0.000000] IOAPIC[0]: apic_id 2, version 32, address 0xfec00000, GSI 0-23
[    0.000000] ACPI: INT_SRC_OVR (bus 0 bus_irq 0 global_irq 2 dfl dfl)
[    0.000000] ACPI: INT_SRC_OVR (bus 0 bus_irq 9 global_irq 9 high level)
[    0.000000] Using ACPI (MADT) for SMP configuration information
[    0.000000] smpboot: Allowing 2 CPUs, 0 hotplug CPUs
[    0.000000] PM: Registered nosave memory: [mem 0x00000000-0x00000fff]
[    0.000000] PM: Registered nosave memory: [mem 0x0009f000-0x0009ffff]
[    0.000000] PM: Registered nosave memory: [mem 0x000a0000-0x000effff]
[    0.000000] PM: Registered nosave memory: [mem 0x000f0000-0x000fffff]
[    0.000000] e820: [mem 0x40000000-0xfebfffff] available for PCI devices
[    0.000000] Booting paravirtualized kernel on KVM
[    0.000000] clocksource: refined-jiffies: mask: 0xffffffff max_cycles: 0xffffffff, max_idle_ns: 7645519600211568 ns
[    0.000000] setup_percpu: NR_CPUS:512 nr_cpumask_bits:512 nr_cpu_ids:2 nr_node_ids:1
[    0.000000] PERCPU: Embedded 34 pages/cpu @ffff88003fc00000 s99608 r8192 d31464 u1048576
[    0.000000] PV qspinlock hash table entries: 256 (order: 0, 4096 bytes)
[    0.000000] Built 1 zonelists in Node order, mobility grouping on.  Total pages: 257912
[    0.000000] Policy zone: DMA32
[    0.000000] Kernel command line: BOOT_IMAGE=/boot/vmlinuz-4.4.0-141-generic root=LABEL=cloudimg-rootfs ro console=tty1 console=ttyS0
[    0.000000] PID hash table entries: 4096 (order: 3, 32768 bytes)
[    0.000000] Memory: 997704K/1048120K available (8568K kernel code, 1314K rwdata, 4008K rodata, 1528K init, 1316K bss, 50416K reserved, 0K cma-reserved)
[    0.000000] SLUB: HWalign=64, Order=0-3, MinObjects=0, CPUs=2, Nodes=1
[    0.000000] Kernel/User page tables isolation: enabled
[    0.000000] Hierarchical RCU implementation.
[    0.000000] 	Build-time adjustment of leaf fanout to 64.
[    0.000000] 	RCU restricting CPUs from NR_CPUS=512 to nr_cpu_ids=2.
[    0.000000] RCU: Adjusting geometry for rcu_fanout_leaf=64, nr_cpu_ids=2
[    0.000000] NR_IRQS:33024 nr_irqs:440 16
[    0.000000] Console: colour VGA+ 80x25
[    0.000000] console [tty1] enabled
[    0.000000] console [ttyS0] enabled
[    0.000000] tsc: Detected 2394.458 MHz processor
[    1.633898] Calibrating delay loop (skipped) preset value.. 4788.91 BogoMIPS (lpj=9577832)
[    1.655052] pid_max: default: 32768 minimum: 301
[    1.656077] ACPI: Core revision 20150930
[    1.674363] ACPI: 2 ACPI AML tables successfully acquired and loaded
[    1.762216] Security Framework initialized
[    1.790187] Yama: becoming mindful.
[    1.791044] AppArmor: AppArmor initialized
[    1.792076] Dentry cache hash table entries: 131072 (order: 8, 1048576 bytes)
[    1.793951] Inode-cache hash table entries: 65536 (order: 7, 524288 bytes)
[    1.798850] Mount-cache hash table entries: 2048 (order: 2, 16384 bytes)
[    1.800187] Mountpoint-cache hash table entries: 2048 (order: 2, 16384 bytes)
[    1.841345] Initializing cgroup subsys io
[    1.842274] Initializing cgroup subsys memory
[    1.843256] Initializing cgroup subsys devices
[    1.844233] Initializing cgroup subsys freezer
[    1.845247] Initializing cgroup subsys net_cls
[    1.846233] Initializing cgroup subsys perf_event
[    1.847257] Initializing cgroup subsys net_prio
[    1.885859] Initializing cgroup subsys hugetlb
[    1.890435] Initializing cgroup subsys pids
[    1.892427] mce: CPU supports 0 MCE banks
[    1.901971] Last level iTLB entries: 4KB 1024, 2MB 1024, 4MB 1024
[    1.903301] Last level dTLB entries: 4KB 1024, 2MB 1024, 4MB 1024, 1GB 4
[    1.904617] Spectre V2 : Mitigation: Full generic retpoline
[    1.905800] Spectre V2 : Spectre v2 mitigation: Speculation control IBPB not-supported IBRS not-supported
[    1.909542] Spectre V2 : Spectre v2 / SpectreRSB mitigation: Filling RSB on context switch
[    1.913734] Speculative Store Bypass: Vulnerable
[    1.917814] Freeing SMP alternatives memory: 32K
[    1.948117] ftrace: allocating 32291 entries in 127 pages
[    2.015482] smpboot: APIC(0) Converting physical 0 to logical package 0
[    2.027532] smpboot: Max logical packages: 1
[    2.028905] x2apic enabled
[    2.029925] Switched APIC routing to physical x2apic.
[    2.032308] ..TIMER: vector=0x30 apic1=0 pin1=2 apic2=-1 pin2=-1
[    2.141054] smpboot: CPU0: Intel(R) Core(TM) i5-4210U CPU @ 1.70GHz (family: 0x6, model: 0x45, stepping: 0x1)
[    2.162728] Performance Events: unsupported p6 CPU model 69 no PMU driver, software events only.
[    2.164782] KVM setup paravirtual spinlock
[    2.166590] x86: Booting SMP configuration:
[    2.167540] .... node  #0, CPUs:      #1
[    2.168559] kvm-clock: cpu 1, msr 0:3ffe3041, secondary cpu clock
[    2.170782] mce: CPU supports 0 MCE banks
[    2.173545] x86: Booted up 1 node, 2 CPUs
[    2.202828] smpboot: Total of 2 processors activated (9577.83 BogoMIPS)
[    2.204608] devtmpfs: initialized
[    2.213593] evm: security.selinux
[    2.215589] evm: security.SMACK64
[    2.216399] evm: security.SMACK64EXEC
[    2.217255] evm: security.SMACK64TRANSMUTE
[    2.218229] evm: security.SMACK64MMAP
[    2.225216] evm: security.ima
[    2.226542] evm: security.capability
[    2.228068] clocksource: jiffies: mask: 0xffffffff max_cycles: 0xffffffff, max_idle_ns: 7645041785100000 ns
[    2.238755] futex hash table entries: 512 (order: 3, 32768 bytes)
[    2.249766] pinctrl core: initialized pinctrl subsystem
[    2.256665] RTC time: 12:15:54, date: 01/14/19
[    2.259921] NET: Registered protocol family 16
[    2.273518] cpuidle: using governor ladder
[    2.285489] cpuidle: using governor menu
[    2.294307] PCCT header not found.
[    2.297755] ACPI: bus type PCI registered
[    2.298702] acpiphp: ACPI Hot Plug PCI Controller Driver version: 0.5
[    2.300194] PCI: Using configuration type 1 for base access
[    2.314596] ACPI: Added _OSI(Module Device)
[    2.321377] ACPI: Added _OSI(Processor Device)
[    2.323734] ACPI: Added _OSI(3.0 _SCP Extensions)
[    2.325079] ACPI: Added _OSI(Processor Aggregator Device)
[    2.327296] ACPI: Executed 1 blocks of module-level executable AML code
[    2.346661] ACPI: Interpreter enabled
[    2.347539] ACPI: (supports S0 S5)
[    2.348357] ACPI: Using IOAPIC for interrupt routing
[    2.349625] PCI: Using host bridge windows from ACPI; if necessary, use "pci=nocrs" and report a bug
[    2.415236] ACPI: PCI Root Bridge [PCI0] (domain 0000 [bus 00-ff])
[    2.464844] acpi PNP0A03:00: _OSC: OS supports [ASPM ClockPM Segments MSI]
[    2.466282] acpi PNP0A03:00: _OSC: not requesting OS control; OS requires [ExtendedConfig ASPM ClockPM MSI]
[    2.468326] acpi PNP0A03:00: fail to add MMCONFIG information, can't access extended PCI configuration space under this bridge.
[    2.477067] PCI host bridge to bus 0000:00
[    2.480958] pci_bus 0000:00: root bus resource [io  0x0000-0x0cf7 window]
[    2.482333] pci_bus 0000:00: root bus resource [io  0x0d00-0xffff window]
[    2.483676] pci_bus 0000:00: root bus resource [mem 0x000a0000-0x000bffff window]
[    2.486384] pci_bus 0000:00: root bus resource [mem 0x40000000-0xffdfffff window]
[    2.489748] pci_bus 0000:00: root bus resource [bus 00-ff]
[    2.492904] pci 0000:00:01.1: legacy IDE quirk: reg 0x10: [io  0x01f0-0x01f7]
[    2.496402] pci 0000:00:01.1: legacy IDE quirk: reg 0x14: [io  0x03f6]
[    2.497720] pci 0000:00:01.1: legacy IDE quirk: reg 0x18: [io  0x0170-0x0177]
[    2.499144] pci 0000:00:01.1: legacy IDE quirk: reg 0x1c: [io  0x0376]
[    2.535812] pci 0000:00:07.0: quirk: [io  0x4000-0x403f] claimed by PIIX4 ACPI
[    2.620327] pci 0000:00:07.0: quirk: [io  0x4100-0x410f] claimed by PIIX4 SMB
[    2.642512] ACPI: PCI Interrupt Link [LNKA] (IRQs 5 9 10 *11)
[    2.656448] ACPI: PCI Interrupt Link [LNKB] (IRQs 5 9 10 *11)
[    2.658206] ACPI: PCI Interrupt Link [LNKC] (IRQs 5 9 *10 11)
[    2.660117] ACPI: PCI Interrupt Link [LNKD] (IRQs 5 *9 10 11)
[    2.669951] ACPI: Enabled 2 GPEs in block 00 to 07
[    2.689819] vgaarb: setting as boot device: PCI:0000:00:02.0
[    2.705735] vgaarb: device added: PCI:0000:00:02.0,decodes=io+mem,owns=io+mem,locks=none
[    2.720028] vgaarb: loaded
[    2.720749] vgaarb: bridge control possible 0000:00:02.0
[    2.722146] SCSI subsystem initialized
[    2.723118] ACPI: bus type USB registered
[    2.730632] usbcore: registered new interface driver usbfs
[    2.731825] usbcore: registered new interface driver hub
[    2.735581] usbcore: registered new device driver usb
[    2.745595] PCI: Using ACPI for IRQ routing
[    2.756863] NetLabel: Initializing
[    2.757721] NetLabel:  domain hash size = 128
[    2.758713] NetLabel:  protocols = UNLABELED CIPSOv4
[    2.759795] NetLabel:  unlabeled traffic allowed by default
[    2.764583] amd_nb: Cannot enumerate AMD northbridges
[    2.765726] clocksource: Switched to clocksource kvm-clock
[    2.779750] AppArmor: AppArmor Filesystem Enabled
[    2.807441] pnp: PnP ACPI init
[    2.809098] pnp: PnP ACPI: found 3 devices
[    2.820028] clocksource: acpi_pm: mask: 0xffffff max_cycles: 0xffffff, max_idle_ns: 2085701024 ns
[    2.824466] NET: Registered protocol family 2
[    2.825561] TCP established hash table entries: 8192 (order: 4, 65536 bytes)
[    2.835909] TCP bind hash table entries: 8192 (order: 5, 131072 bytes)
[    2.841792] TCP: Hash tables configured (established 8192 bind 8192)
[    2.843106] UDP hash table entries: 512 (order: 2, 16384 bytes)
[    2.862961] UDP-Lite hash table entries: 512 (order: 2, 16384 bytes)
[    2.864286] NET: Registered protocol family 1
[    2.870998] pci 0000:00:00.0: Limiting direct PCI/PCI transfers
[    2.883239] pci 0000:00:01.0: Activating ISA DMA hang workarounds
[    2.884617] Unpacking initramfs...
[    3.484745] Freeing initrd memory: 14800K
[    3.510880] RAPL PMU detected, API unit is 2^-32 Joules, 4 fixed counters 10737418240 ms ovfl timer
[    3.512808] hw unit of domain pp0-core 2^-0 Joules
[    3.513836] hw unit of domain package 2^-0 Joules
[    3.514912] hw unit of domain dram 2^-0 Joules
[    3.515892] hw unit of domain pp1-gpu 2^-0 Joules
[    3.517318] platform rtc_cmos: registered platform RTC device (no PNP device found)
[    3.519701] Scanning for low memory corruption every 60 seconds
[    3.521794] audit: initializing netlink subsys (disabled)
[    3.523422] audit: type=2000 audit(1547468158.961:1): initialized
[    3.525194] Initialise system trusted keyring
[    3.526383] HugeTLB registered 2 MB page size, pre-allocated 0 pages
[    3.531018] zbud: loaded
[    3.542678] VFS: Disk quotas dquot_6.6.0
[    3.545345] VFS: Dquot-cache hash table entries: 512 (order 0, 4096 bytes)
[    3.568276] squashfs: version 4.0 (2009/01/31) Phillip Lougher
[    3.574077] fuse init (API version 7.23)
[    3.595707] Key type big_key registered
[    3.599816] Allocating IMA MOK and blacklist keyrings.
[    3.604039] Key type asymmetric registered
[    3.606670] Asymmetric key parser 'x509' registered
[    3.608249] Block layer SCSI generic (bsg) driver version 0.4 loaded (major 249)
[    3.613523] io scheduler noop registered
[    3.621016] io scheduler deadline registered (default)
[    3.622768] io scheduler cfq registered
[    3.624274] pci_hotplug: PCI Hot Plug PCI Core version: 0.5
[    3.626014] pciehp: PCI Express Hot Plug Controller Driver version: 0.4
[    3.633967] ACPI: AC Adapter [AC] (on-line)
[    3.635473] input: Power Button as /devices/LNXSYSTM:00/LNXPWRBN:00/input/input0
[    3.637444] ACPI: Power Button [PWRF]
[    3.638533] input: Sleep Button as /devices/LNXSYSTM:00/LNXSLPBN:00/input/input1
[    3.640488] ACPI: Sleep Button [SLPF]
[    3.642406] ACPI: Battery Slot [BAT0] (battery present)
[    3.651659] GHES: HEST is not enabled!
[    3.654783] Serial: 8250/16550 driver, 32 ports, IRQ sharing enabled
[    3.681469] 00:02: ttyS0 at I/O 0x3f8 (irq = 4, base_baud = 115200) is a 16550A
[    3.688827] Linux agpgart interface v0.103
[    3.692522] loop: module loaded
[    3.702455] scsi host0: ata_piix
[    3.709274] scsi host1: ata_piix
[    3.710395] ata1: PATA max UDMA/33 cmd 0x1f0 ctl 0x3f6 bmdma 0xd000 irq 14
[    3.723709] ata2: PATA max UDMA/33 cmd 0x170 ctl 0x376 bmdma 0xd008 irq 15
[    3.733065] libphy: Fixed MDIO Bus: probed
[    3.735554] tun: Universal TUN/TAP device driver, 1.6
[    3.752538] tun: (C) 1999-2004 Max Krasnyansky <maxk@qualcomm.com>
[    3.754726] PPP generic driver version 2.4.2
[    3.756188] ehci_hcd: USB 2.0 'Enhanced' Host Controller (EHCI) Driver
[    3.759747] ehci-pci: EHCI PCI platform driver
[    3.770533] ehci-platform: EHCI generic platform driver
[    3.771662] ohci_hcd: USB 1.1 'Open' Host Controller (OHCI) Driver
[    3.780075] ohci-pci: OHCI PCI platform driver
[    3.800313] ohci-platform: OHCI generic platform driver
[    3.823745] uhci_hcd: USB Universal Host Controller Interface driver
[    3.825167] i8042: PNP: PS/2 Controller [PNP0303:PS2K,PNP0f03:PS2M] at 0x60,0x64 irq 1,12
[    3.841956] serio: i8042 KBD port at 0x60,0x64 irq 1
[    3.845588] serio: i8042 AUX port at 0x60,0x64 irq 12
[    3.856727] mousedev: PS/2 mouse device common for all mice
[    3.859954] rtc_cmos rtc_cmos: rtc core: registered rtc_cmos as rtc0
[    3.863017] rtc_cmos rtc_cmos: alarms up to one day, 114 bytes nvram
[    3.876291] i2c /dev entries driver
[    3.880820] input: AT Translated Set 2 keyboard as /devices/platform/i8042/serio0/input/input2
[    3.893607] device-mapper: uevent: version 1.0.3
[    3.896236] device-mapper: ioctl: 4.34.0-ioctl (2015-10-28) initialised: dm-devel@redhat.com
[    3.898089] ledtrig-cpu: registered to indicate activity on CPUs
[    3.899790] NET: Registered protocol family 10
[    3.903352] NET: Registered protocol family 17
[    3.904347] Key type dns_resolver registered
[    3.905585] registered taskstats version 1
[    3.906576] Loading compiled-in X.509 certificates
[    3.908388] Loaded X.509 cert 'Build time autogenerated kernel key: 7c9fb337b82e5a343493fe891c556beae1895c7c'
[    3.917336] zswap: loaded using pool lzo/zbud
[    3.921361] Key type trusted registered
[    3.940814] Key type encrypted registered
[    3.949042] AppArmor: AppArmor sha1 policy hashing enabled
[    3.951734] ima: No TPM chip found, activating TPM-bypass!
[    3.963002] ima: Allocated hash algorithm: sha1
[    3.971787] evm: HMAC attrs: 0x1
[    3.973056]   Magic number: 3:13:279
[    4.010655] event_source tracepoint: hash matches
[    4.037889] tty tty16: hash matches
[    4.040045] rtc_cmos rtc_cmos: setting system clock to 2019-01-14 12:15:56 UTC (1547468156)
[    4.042025] BIOS EDD facility v0.16 2004-Jun-25, 0 devices found
[    4.043298] EDD information not available.
[    4.055586] Freeing unused kernel memory: 1528K
[    4.089757] Write protecting the kernel read-only data: 14336k
[    4.095020] Freeing unused kernel memory: 1660K
[    4.148096] Freeing unused kernel memory: 88K
Loading, please wait...
starting version[    4.165057] random: systemd-udevd: uninitialized urandom read (16 bytes read, 2 bits of entropy available)
 229
[    4.165777] random: udevadm: uninitialized urandom read (16 bytes read, 2 bits of entropy available)
[    4.165800] random: udevadm: uninitialized urandom read (16 bytes read, 2 bits of entropy available)
[    4.174913] random: udevadm: uninitialized urandom read (16 bytes read, 2 bits of entropy available)
[    4.174961] random: udevadm: uninitialized urandom read (16 bytes read, 2 bits of entropy available)
[    4.175104] random: udevadm: uninitialized urandom read (16 bytes read, 2 bits of entropy available)
[    4.175156] random: udevadm: uninitialized urandom read (16 bytes read, 2 bits of entropy available)
[    4.175236] random: udevadm: uninitialized urandom read (16 bytes read, 2 bits of entropy available)
[    4.175292] random: udevadm: uninitialized urandom read (16 bytes read, 2 bits of entropy available)
[    4.175342] random: udevadm: uninitialized urandom read (16 bytes read, 2 bits of entropy available)
[    4.389547] e1000: Intel(R) PRO/1000 Network Driver - version 7.3.21-k8-NAPI
[    4.403725] e1000: Copyright (c) 1999-2006 Intel Corporation.
[    4.405381] Fusion MPT base driver 3.04.20
[    4.437860] Copyright (c) 1999-2008 LSI Corporation
[    4.445367] Fusion MPT SPI Host driver 3.04.20
[    4.490903] AVX version of gcm_enc/dec engaged.
[    4.546789] AES CTR mode by8 optimization enabled
[    4.570358] tsc: Refined TSC clocksource calibration: 2395.424 MHz
[    4.580398] clocksource: tsc: mask: 0xffffffffffffffff max_cycles: 0x228754ae5c5, max_idle_ns: 440795292590 ns
[    4.797690] input: ImExPS/2 Generic Explorer Mouse as /devices/platform/i8042/serio1/input/input4
[    4.834942] e1000 0000:00:03.0 eth0: (PCI:33MHz:32-bit) 02:e9:22:0c:6f:83
[    4.920460] e1000 0000:00:03.0 eth0: Intel(R) PRO/1000 Network Connection
[    4.995386] e1000 0000:00:03.0 enp0s3: renamed from eth0
[    5.053777] mptbase: ioc0: Initiating bringup
[    5.174065] ioc0: LSI53C1030 A0: Capabilities={Initiator}
[    5.415412] scsi host2: ioc0: LSI53C1030 A0, FwRev=00000000h, Ports=1, MaxQ=256, IRQ=20
[    5.566243] scsi 2:0:0:0: Direct-Access     VBOX     HARDDISK         1.0  PQ: 0 ANSI: 5
[    5.585259] scsi target2:0:0: Beginning Domain Validation
[    5.599382] scsi target2:0:0: Domain Validation skipping write tests
[    5.609648] scsi target2:0:0: Ending Domain Validation
[    5.618971] scsi target2:0:0: asynchronous
[    5.625063] scsi 2:0:1:0: Direct-Access     VBOX     HARDDISK         1.0  PQ: 0 ANSI: 5
[    5.630832] scsi target2:0:1: Beginning Domain Validation
[    5.638360] scsi target2:0:1: Domain Validation skipping write tests
[    5.647076] scsi target2:0:1: Ending Domain Validation
[    5.653940] scsi target2:0:1: asynchronous
[    5.675394] sd 2:0:0:0: [sda] 20971520 512-byte logical blocks: (10.7 GB/10.0 GiB)
[    5.686433] sd 2:0:0:0: Attached scsi generic sg0 type 0
[    5.696443] sd 2:0:0:0: [sda] Write Protect is off
[    5.696546] sd 2:0:0:0: [sda] Incomplete mode parameter data
[    5.696547] sd 2:0:0:0: [sda] Assuming drive cache: write through
[    5.702303]  sda: sda1
[    5.702841] sd 2:0:0:0: [sda] Attached SCSI disk
[    5.786626] sd 2:0:1:0: [sdb] 20480 512-byte logical blocks: (10.5 MB/10.0 MiB)
[    5.788852] sd 2:0:1:0: [sdb] Write Protect is off
[    5.798602] sd 2:0:1:0: Attached scsi generic sg1 type 0
[    5.799954] sd 2:0:1:0: [sdb] Incomplete mode parameter data
[    5.801122] sd 2:0:1:0: [sdb] Assuming drive cache: write through
[    5.805658] sd 2:0:1:0: [sdb] Attached SCSI disk
Begin: Loading essential drivers ... [    7.178457] md: linear personality registered for level -1
[    7.227328] md: multipath personality registered for level -4
[    7.233037] md: raid0 personality registered for level 0
[    7.241987] md: raid1 personality registered for level 1
[    7.314121] raid6: sse2x1   gen()  7125 MB/s
[    7.386108] raid6: sse2x1   xor()  5732 MB/s
[    7.454134] raid6: sse2x2   gen()  9423 MB/s
[    7.538646] raid6: sse2x2   xor()  6522 MB/s
[    7.678160] raid6: sse2x4   gen() 10616 MB/s
[    7.781823] raid6: sse2x4   xor()  7704 MB/s
[    7.811232] raid6: using algorithm sse2x4 gen() 10616 MB/s
[    7.833653] raid6: .... xor() 7704 MB/s, rmw enabled
[    7.846138] raid6: using ssse3x2 recovery algorithm
[    7.864482] xor: automatically using best checksumming function:
[    7.913734]    avx       : 40706.000 MB/sec
[    7.920458] async_tx: api initialized (async)
[    7.940320] md: raid6 personality registered for level 6
[    7.954739] md: raid5 personality registered for level 5
[    7.957253] md: raid4 personality registered for level 4
[    7.963984] md: raid10 personality registered for level 10
done.
Begin: Running /scripts/init-premount ... done.
Begin: Mounting root file system ... Begin: Running /scripts/local-top ... done.
Begin: Running /scripts/local-premount ... [    8.015201] Btrfs loaded
Scanning for Btrfs filesystems
done.
Warning: fsck not present, so skipping root file system
[    8.064768] EXT4-fs (sda1): mounted filesystem with ordered data mode. Opts: (null)
done.
Begin: Running /scripts/local-bottom ... done.
Begin: Running /scripts/init-bottom ... done.
[    8.162579] systemd[1]: systemd 229 running in system mode. (+PAM +AUDIT +SELINUX +IMA +APPARMOR +SMACK +SYSVINIT +UTMP +LIBCRYPTSETUP +GCRYPT +GNUTLS +ACL +XZ -LZ4 +SECCOMP +BLKID +ELFUTILS +KMOD -IDN)
[    8.286288] systemd[1]: Detected virtualization oracle.
[    8.301600] systemd[1]: Detected architecture x86-64.

Welcome to [1mUbuntu 16.04.5 LTS[0m!

[    8.330741] systemd[1]: Set hostname to <ubuntu>.
[    8.336418] systemd[1]: Initializing machine ID from random generator.
[    8.400384] systemd[1]: Installed transient /etc/machine-id file.
[    8.587015] systemd[1]: Reached target Swap.
[[0;32m  OK  [0m] Reached target Swap.
[    8.598102] systemd[1]: Listening on LVM2 poll daemon socket.
[[0;32m  OK  [0m] Listening on LVM2 poll daemon socket.
[    8.706117] systemd[1]: Listening on udev Control Socket.
[[0;32m  OK  [0m] Listening on udev Control Socket.
[    8.854069] systemd[1]: Listening on Device-mapper event daemon FIFOs.
[[0;32m  OK  [0m] Listening on Device-mapper event daemon FIFOs.
[    8.943737] systemd[1]: Reached target System Time Synchronized.
[[0;32m  OK  [0m] Reached target System Time Synchronized.
[    8.948461] systemd[1]: Started Forward Password Requests to Wall Directory Watch.
[[0;32m  OK  [0m] Started Forward Password Requests to Wall Directory Watch.
[    8.986098] systemd[1]: Listening on udev Kernel Socket.
[[0;32m  OK  [0m] Listening on udev Kernel Socket.
[    9.018150] systemd[1]: Listening on Journal Socket.
[[0;32m  OK  [0m] Listening on Journal Socket.
[    9.062177] systemd[1]: Listening on Journal Audit Socket.
[[0;32m  OK  [0m] Listening on Journal Audit Socket.
[    9.134169] systemd[1]: Listening on Syslog Socket.
[[0;32m  OK  [0m] Listening on Syslog Socket.
[    9.203955] systemd[1]: Set up automount Arbitrary Executable File Formats File System Automount Point.
[[0;32m  OK  [0m] Set up automount Arbitrary Executab...ats File System Automount Point.
[    9.322241] systemd[1]: Listening on LVM2 metadata daemon socket.
[[0;32m  OK  [0m] Listening on LVM2 metadata daemon socket.
[    9.428299] systemd[1]: Created slice User and Session Slice.
[[0;32m  OK  [0m] Created slice User and Session Slice.
[    9.518229] systemd[1]: Listening on /dev/initctl Compatibility Named Pipe.
[[0;32m  OK  [0m] Listening on /dev/initctl Compatibility Named Pipe.
[    9.614188] systemd[1]: Listening on Journal Socket (/dev/log).
[[0;32m  OK  [0m] Listening on Journal Socket (/dev/log).
[    9.667520] systemd[1]: Reached target User and Group Name Lookups.
[[0;32m  OK  [0m] Reached target User and Group Name Lookups.
[    9.697653] systemd[1]: Reached target Encrypted Volumes.
[[0;32m  OK  [0m] Reached target Encrypted Volumes.
[    9.705471] systemd[1]: Created slice System Slice.
[[0;32m  OK  [0m] Created slice System Slice.
[    9.806100] systemd[1]: Starting Set console keymap...
         Starting Set console keymap...
[    9.875714] systemd[1]: Reached target Slices.
[[0;32m  OK  [0m] Reached target Slices.
[    9.918114] systemd[1]: Starting Journal Service...
         Starting Journal Service...
[   10.074147] systemd[1]: Mounting POSIX Message Queue File System...
         Mounting POSIX Message Queue File System...
[   10.109814] systemd[1]: Starting Load Kernel Modules...
[   10.136256] Loading iSCSI transport class v2.0-870.
         Starting Load Kernel Modules...
[   10.161076] systemd[1]: Starting Create list of required static device nodes for the current kernel...
         Starting Create list of required st... [   10.176062] iscsi: registered transport (tcp)
nodes for the current kernel...
[   10.194894] systemd[1]: Mounting Huge Pages File System...
         Mounting Huge Pages File System...
[   10.222053] systemd[1]: Starting Remount Root and Kernel File Systems...
         Startin[   10.227593] EXT4-fs (sda1): re-mounted. Opts: (null)
g Remount Root and Kernel File Systems...
[   10.246864] iscsi: registered transport (iser)
[   10.256481] systemd[1]: Created slice system-serial\x2dgetty.slice.
[[0;32m  OK  [0m] Created slice system-serial\x2dgetty.slice.
[   10.278100] systemd[1]: Starting Nameserver information manager...
         Starting Nameserver information manager...
[   10.402286] systemd[1]: Mounting Debug File System...
         Mounting Debug File System...
[   10.427010] systemd[1]: Starting Uncomplicated firewall...
         Starting Uncomplicated firewall...
[   10.534254] systemd[1]: Starting Monitoring of LVM2 mirrors, snapshots etc. using dmeventd or progress polling...
[   10.537960] random: nonblocking pool is initialized
         Starting Monitoring of LVM2 mirrors... dmeventd or progress polling...
[   10.630921] systemd[1]: Started Trigger resolvconf update for networkd DNS.
[[0;32m  OK  [0m] Started Trigger resolvconf update for networkd DNS.
[   10.762976] systemd[1]: Mounted Huge Pages File System.
[[0;32m  OK  [0m] Mounted Huge Pages File System.
[   10.838273] systemd[1]: Mounted POSIX Message Queue File System.
[[0;32m  OK  [0m] Mounted POSIX Message Queue File System.
[   10.946376] systemd[1]: Mounted Debug File System.
[[0;32m  OK  [0m] Mounted Debug File System.
[   11.002521] systemd[1]: Started Journal Service.
[[0;32m  OK  [0m] Started Journal Service.
[[0;32m  OK  [0m] Started Set console keymap.
[[0;32m  OK  [0m] Started Load Kernel Modules.
[[0;32m  OK  [0m] Started Create list of required sta...ce nodes for the current kernel.
[[0;32m  OK  [0m] Started Remount Root and Kernel File Systems.
[[0;32m  OK  [0m] Started Uncomplicated firewall.
[[0;32m  OK  [0m] Started Nameserver information manager.
[[0;32m  OK  [0m] Started LVM2 metadata daemon.
         Starting udev Coldplug all Devices...
         Starting Load/Save Random Seed...
         Starting Create Static Device Nodes in /dev...
         Starting Apply Kernel Variables...
         Mounting FUSE Control File System...
         Starting Flush Journal to Persistent Storage...
[[0;32m  OK  [0m] Mounted FUSE Control File System.
[[0;32m  OK  [0m] Started Monitoring of LVM2 mirrors,...ng dmeventd or progress polling.
[[0;32m  OK  [0m] Started Load/Save Random Seed.
[[0;32m  OK  [0m] Started Create Static Device Nodes in /dev.
[[0;32m  OK  [0m] Started Apply Kernel Variables.
[[0;32m  OK  [0m] Started udev Coldplug all Devices.
         Starting udev Kernel Device Manager...
[[0;32m  OK  [0m] Reached target Local File Systems (Pre).
[[0;32m  OK  [0m] Reached target Local File Systems.
         Starting Set console font and keymap...
         Starting LSB: AppArmor initialization...
         Starting Tell Plymouth To Write Out Runtime Data...
         Starting Commit a transient machine-id on disk...
         Starting Initial cloud-init job (pre-networking)...
[[0;32m  OK  [0m] Started udev Kernel Device Manager.
[[0;32m  OK  [0m] Started Flush Journal to Persistent Storage.
[[0;32m  OK  [0m] Started Tell Plymouth To Write Out Runtime Data.
[[0;32m  OK  [0m] Started Commit a transient machine-id on disk.
[[0;32m  OK  [0m] Found device /dev/ttyS0.
[[0;32m  OK  [0m] Listening on Load/Save RF Kill Switch Status /dev/rfkill Watch.
         Starting Create Volatile Files and Directories...
[[0;32m  OK  [0m] Started Dispatch Password Requests to Console Directory Watch.
[[0;32m  OK  [0m] Started Set console font and keymap.
[[0;32m  OK  [0m] Started Create Volatile Files and Directories.
         Starting Update UTMP about System Boot/Shutdown...
[[0;32m  OK  [0m] Created slice system-getty.slice.
[[0;32m  OK  [0m] Started Update UTMP about System Boot/Shutdown.
[   11.164733] cloud-init[514]: Cloud-init v. 18.4-0ubuntu1~16.04.2 running 'init-local' at Mon, 14 Jan 2019 12:16:05 +0000. Up 10.62 seconds.
[[0;32m  OK  [0m] Started Initial cloud-init job (pre-networking).
[[0;32m  OK  [0m] Reached target Network (Pre).
[[0;32m  OK  [0m] Started LSB: AppArmor initialization.
         Starting Raise network interfaces...
[[0;32m  OK  [0m] Started Raise network interfaces.
         Starting Initial cloud-init job (metadata service crawler)...
[[0;32m  OK  [0m] Reached target Network.
[   12.352222] cloud-init[928]: Cloud-init v. 18.4-0ubuntu1~16.04.2 running 'init' at Mon, 14 Jan 2019 12:16:06 +0000. Up 11.85 seconds.
[   12.376735] cloud-init[928]: ci-info: ++++++++++++++++++++++++++++++++++++++Net device info++++++++++++++++++++++++++++++++++++++
[   12.409174] cloud-init[928]: ci-info: +--------+------+----------------------------+---------------+--------+-------------------+
[   12.429133] [cloud-init[0;32m  OK  [0m[928]: ] ci-info: | Device |  Up  |          Address           |      Mask     | Scope  |     Hw-Address    |Started Initial cloud-init job (metadata service crawler).

[   12.429667] cloud-init[928]: ci-info: +--------+------+----------------------------+---------------+--------+-------------------+
[   12.442613] [cloud-init[0;32m  OK  [0m[928]: ] ci-info: | enp0s3 | True |         10.0.2.15          | 255.255.255.0 | global | 02:e9:22:0c:6f:83 |Reached target System Initialization.

[   12.443168] [[0;32m  OK  [0m] Listening on UUID daemon activation socket.
cloud-init[928]: ci-info: | enp0s3 | True | fe80::e9:22ff:fe0c:6f83/64 |       .       |  link  | 02:e9:22:0c:6f:83 |
[   12.477046]          cloud-initStarting Socket activation for snappy daemon.[928]: 
ci-info: |   lo   | True |         127.0.0.1          |   255.0.0.0   |  host  |         .         |
[   12.503694] [[0;32m  OK  [0m] Listening on D-Bus System Message Bus Socket.
cloud-init[928]: ci-info: |   lo   | True |          ::1/128           |       .       |  host  |         .         |
[   12.526965]          cloud-initStarting LXD - unix socket.[928]: 
ci-info: +--------+------+----------------------------+---------------+--------+-------------------+
[   12.533424] [cloud-init[0;32m  OK  [0m[928]: ] ci-info: +++++++++++++++++++++++++++Route IPv4 info++++++++++++++++++++++++++++Started Daily Cleanup of Temporary Directories.

[[0;32m  OK  [0m] Listening on ACPID Listen Socket.
[[0;32m  OK  [0m] Started Daily apt download activities.
[   12.533977] cloud-init[928]: ci-info: +-------+-------------+----------+---------------+-----------+-------+
[   12.650288] [[0;32m  OK  [0m] Started Daily apt upgrade and clean activities.
[[0;32m  OK  [0m] Reached target Timers.
cloud-init[928]: ci-info: | Route | Destination | Gateway  |    Genmask    | Interface | Flags |
[   12.784721] [cloud-init[0;32m  OK  [0m[928]: ] ci-info: +-------+-------------+----------+---------------+-----------+-------+Started ACPI Events Check.

[   12.785237] [[0;32m  OK  [0m] Reached target Paths.
[[0;32m  OK  [0m] Reached target Network is Online.
cloud-init[928]: ci-info: |   0   |   0.0.0.0   | 10.0.2.2 |    0.0.0.0    |   enp0s3  |   UG  |
[   12.925653]          cloud-initStarting iSCSI initiator daemon (iscsid)...[928]: 
ci-info: |   1   |   10.0.2.0  | 0.0.0.0  | 255.255.255.0 |   enp0s3  |   U   |
[   12.990441] [cloud-init[0;32m  OK  [0m[928]: ] ci-info: +-------+-------------+----------+---------------+-----------+-------+Reached target Cloud-config availability.

[   12.991100] cloud-init[928]: ci-info: +++++++++++++++++++Route IPv6 info+++++++++++++++++++
[   13.149510] [[0;32m  OK  [0m] Listening on Socket activation for snappy daemon.
[[0;32m  OK  [0m] Listening on LXD - unix socket.
cloud-init[928]: ci-info: +-------+-------------+---------+-----------+-------+
[   13.210367] [cloud-init[0;32m  OK  [0m[928]: ] ci-info: | Route | Destination | Gateway | Interface | Flags |Started iSCSI initiator daemon (iscsid).

[   13.210860] cloud-init[928]: ci-info: +-------+-------------+---------+-----------+-------+
[   13.371844]          Starting Login to default iSCSI targets...
[[0;32m  OK  [0m] Reached target Sockets.
[[0;32m  OK  [0m] Reached target Basic System.
cloud-init[928]: ci-info: |   0   |  fe80::/64  |    ::   |   enp0s3  |   U   |
[   13.508804]          Starting /etc/rc.local Compatibility...
cloud-init[928]: ci-info: |   3   |   ff00::/8  |    ::   |   enp0s3  |   U   |
[   13.568269] cloud-init[928]: ci-info: +-------+-------------+---------+-----------+-------+
[   13.568708] cloud-init[928]: Generating public/private rsa key pair.
[   13.568752] cloud-init[928]: Your identification has been saved in /etc/ssh/ssh_host_rsa_key.
[   13.568786] cloud-init[928]: Your public key has been saved in /etc/ssh/ssh_host_rsa_key.pub.
[   13.568819] cloud-init[928]: The key fingerprint is:
[   13.568852] cloud-init[928]: SHA256:FrgY8lx+v651gxiT4rGpmOtXOt56cHT0M76oWGum36c root@ubuntu-xenial
[   13.568884] cloud-init[928]: The key's randomart image is:
[   13.568917] cloud-init[928]: +---[RSA 2048]----+
[   13.568988] cloud-init[928]: |                 |
[   13.569028] cloud-init[928]: |       ..        |
[   13.569062] cloud-init[928]: |  . . o...       |
[   13.569097] cloud-init[928]: |   + =...o+      |
[   13.569130] cloud-init[928]: |    +.=.S. o     |
[   13.569162] cloud-init[928]: |    ..oB =..     |
[   13.569194] cloud-init[928]: |     == ..+.o    |
[   13.569227] cloud-init[928]: |   o+=+o..oo .   |
[   13.569259] cloud-init[928]: | .=+*O=.E=o      |
[   13.569293] cloud-init[928]: +----[SHA256]-----+
[   13.569325] cloud-init[928]: Generating public/private dsa key pair.
[   13.569359] cloud-init[928]: Your identification has been saved in /etc/ssh/ssh_host_dsa_key.
[   13.569393] cloud-init[928]: Your public key has been saved in /etc/ssh/ssh_host_dsa_key.pub.
[   13.569425] cloud-init[928]: The key fingerprint is:
[   13.569496] cloud-init[928]: SHA256:mR/Ec/51WeNWX0/H8M6X0hd6cfBudj5ozmNgQNxev6k root@ubuntu-xenial
[   13.569533] cloud-init[928]: The key's randomart image is:
[   13.569566] cloud-init[928]: +---[DSA 1024]----+
[   13.569601] cloud-init[928]: |        . .   o  |
[   13.569634] cloud-init[928]: |         + . . * |
[   13.569667] cloud-init[928]: |        . = o .+@|
[   13.569699] cloud-init[928]: |         = =  +*#|
[   13.569732] cloud-init[928]: |        S o .o B^|
[   13.569764] cloud-init[928]: |         . + .=B=|
[   13.569797] cloud-init[928]: |          o .oo..|
[   13.569829] cloud-init[928]: |            +E  .|
[   13.569862] cloud-init[928]: |            .o.  |
[   13.569894] cloud-init[928]: +----[SHA256]-----+
[   13.569925] cloud-init[928]: Generating public/private ecdsa key pair.
[   13.569995] cloud-init[928]: Your identification has been saved in /etc/ssh/ssh_host_ecdsa_key.
[   13.570034] cloud-init[928]: Your public key has been saved in /etc/ssh/ssh_host_ecdsa_key.pub.
[   13.570068] cloud-init[928]: The key fingerprint is:
[   13.570102] cloud-init[928]: SHA256:JyPAkQPJ+VD2ptLRAAl+3Wu3MIKqMYDp0asFP5tJv6c root@ubuntu-xenial
[   13.570134] cloud-init[928]: The key's randomart image is:
[   13.570166] cloud-init[928]: +---[ECDSA 256]---+
[   13.570198] cloud-init[928]: |.ooB=.           |
[   13.570231] cloud-init[928]: |. *o+=.          |
[   13.570263] cloud-init[928]: | . ++o+.         |
[   13.570296] cloud-init[928]: |..o.o=  .        |
[   13.570329] cloud-init[928]: |+o.oo..=S..      |
[   13.570362] cloud-init[928]: |o =.. o.++.      |
[   13.570394] cloud-init[928]: |oo *     .       |
[   13.570429] cloud-init[928]: |.o+ *  .         |
[   13.570505] cloud-init[928]: |.. + E+          |
[   13.570539] cloud-init[928]: +----[SHA256]-----+
[   13.570574] cloud-init[928]: Generating public/private ed25519 key pair.
[   13.570607] cloud-init[928]: Your identification has been saved in /etc/ssh/ssh_host_ed25519_key.
[   13.570640] cloud-init[928]: Your public key has been saved in /etc/ssh/ssh_host_ed25519_key.pub.
[   13.570673] cloud-init[928]: The key fingerprint is:
[   13.570705] cloud-init[928]: SHA256:0us6PANwCTDyqw2EX2o+vn1xhiNRxVjs4ubSxR7TSvM root@ubuntu-xenial
[   13.570738] cloud-init[928]: The key's randomart image is:
[   13.570769] cloud-init[928]: +--[ED25519 256]--+
[   13.570802] cloud-init[928]: |+.     *o        |
[   13.570834] cloud-init[928]: |oo.   o o        |
[   13.570869] cloud-init[928]: |.....o .         |
[   13.570902] cloud-init[928]: |...++ ...        |
[   13.570934] cloud-init[[0;32m  OK  [0m] Started FUSE filesystem for LXC.
[928]: |. =o o.+S.       |
[   14.300300] cloud-init[928]: | *  o *.X..      |
[   14.300383] cloud-init[928]: |. +  B O.*       |
[   14.300425] cloud-init[928]: | . o. O.o E      |
[   14.300850] cloud-init[928]: |  o..o.=.        |
[   14.300899] cloud-init[928]: +----[SHA256]-----+
[[0;32m  OK  [0m] Started D-Bus System Message Bus.
[[0;32m  OK  [0m] Started Deferred execution scheduler.
[[0;32m  OK  [0m] Started Unattended Upgrades Shutdown.
[[0;32m  OK  [0m] Started ACPI event daemon.
         Starting Virtualbox guest utils...
         Starting LSB: MD monitoring daemon...
         Starting Pollinate to seed the pseudo random number generator...
         Starting Snappy daemon...
         Starting LSB: Record successful boot for GRUB...
         Starting Login Service...
         Starting LXD - container startup/shutdown...
         Starting System Logging Service...
[[0;32m  OK  [0m] Started Regular background program processing daemon.
         Starting Accounts Service...
[[0;32m  OK  [0m] Started System Logging Service.
[[0;32m  OK  [0m] Started /etc/rc.local Compatibility.
[[0;32m  OK  [0m] Started Login to default iSCSI targets.
[[0;32m  OK  [0m] Started LXD - container startup/shutdown.
[[0;32m  OK  [0m] Started LSB: MD monitoring daemon.
[[0;32m  OK  [0m] Started LSB: Record successful boot for GRUB.
[[0;32m  OK  [0m] Started Virtualbox guest utils.
[[0;32m  OK  [0m] Started Snappy daemon.
[[0;32m  OK  [0m] Started Login Service.
         Starting Authenticate and Authorize Users to Run Privileged Tasks...
         Starting Wait until snapd is fully seeded...
[[0;32m  OK  [0m] Reached target Remote File Systems (Pre).
[[0;32m  OK  [0m] Reached target Remote File Systems.
         Starting LSB: Set the CPU Frequency Scaling governor to "ondemand"...
         Starting LSB: automatic crash report generation...
         Starting Permit User Sessions...
         Starting LSB: daemon to balance interrupts for SMP systems...
[[0;32m  OK  [0m] Started Permit User Sessions.
[[0;32m  OK  [0m] Started Authenticate and Authorize Users to Run Privileged Tasks.
[[0;32m  OK  [0m] Started Accounts Service.
[[0;32m  OK  [0m] Started LSB: Set the CPU Frequency Scaling governor to "ondemand".
         Starting Hold until boot process finishes up...
         Starting Terminate Plymouth Boot Screen...
[[0;32m  OK  [0m] Started LSB: automatic crash report generation.
[[0;32m  OK  [0m] Started Hold until boot process finishes up.
[[0;32m  OK  [0m] Started Terminate Plymouth Boot Screen.
         Starting Set console scheme...
[[0;32m  OK  [0m] Started Getty on tty1.
[[0;32m  OK  [0m] Started Serial Getty on ttyS0.
[[0;32m  OK  [0m] Reached target Login Prompts.
[[0;32m  OK  [0m] Started Pollinate to seed the pseudo random number generator.
[[0;32m  OK  [0m] Started LSB: daemon to balance interrupts for SMP systems.
[[0;32m  OK  [0m] Started Set console scheme.
         Starting OpenBSD Secure Shell server...
[[0;32m  OK  [0m] Started OpenBSD Secure Shell server.
[[0;32m  OK  [0m] Started Wait until snapd is fully seeded.
[[0;32m  OK  [0m] Reached target Multi-User System.
[[0;32m  OK  [0m] Reached target Graphical Interface.
         Starting Update UTMP about System Runlevel Changes...
         Starting Apply the settings specified in cloud-config...
[[0;32m  OK  [0m] Started Update UTMP about System Runlevel Changes.
[   16.395230] cloud-init[1251]: Generating locales (this might take a while)...
[   17.308395] cloud-init[1251]:   en_US.UTF-8... done
[   17.311560] cloud-init[1251]: Generation complete.
[   17.675907] cloud-init[1251]: Cloud-init v. 18.4-0ubuntu1~16.04.2 running 'modules:config' at Mon, 14 Jan 2019 12:16:11 +0000. Up 16.29 seconds.
[[0;32m  OK  [0m] Started Apply the settings specified in cloud-config.
         Starting Execute cloud user/final scripts...
ci-info: no authorized ssh keys fingerprints found for user ubuntu.
<14>Jan 14 12:16:13 ec2: 
<14>Jan 14 12:16:13 ec2: #############################################################
<14>Jan 14 12:16:13 ec2: -----BEGIN SSH HOST KEY FINGERPRINTS-----
<14>Jan 14 12:16:13 ec2: 1024 SHA256:mR/Ec/51WeNWX0/H8M6X0hd6cfBudj5ozmNgQNxev6k root@ubuntu-xenial (DSA)
<14>Jan 14 12:16:13 ec2: 256 SHA256:JyPAkQPJ+VD2ptLRAAl+3Wu3MIKqMYDp0asFP5tJv6c root@ubuntu-xenial (ECDSA)
<14>Jan 14 12:16:13 ec2: 256 SHA256:0us6PANwCTDyqw2EX2o+vn1xhiNRxVjs4ubSxR7TSvM root@ubuntu-xenial (ED25519)
<14>Jan 14 12:16:13 ec2: 2048 SHA256:FrgY8lx+v651gxiT4rGpmOtXOt56cHT0M76oWGum36c root@ubuntu-xenial (RSA)
<14>Jan 14 12:16:13 ec2: -----END SSH HOST KEY FINGERPRINTS-----
<14>Jan 14 12:16:13 ec2: #############################################################
-----BEGIN SSH HOST KEY KEYS-----
ecdsa-sha2-nistp256 AAAAE2VjZHNhLXNoYTItbmlzdHAyNTYAAAAIbmlzdHAyNTYAAABBBHq4XaWgHfCOf2al6Rs5NGFVlgtESF/WjjoVn8b5CJiLVznmha7yMDk2z8m3pYjNCC6Xayd815Oom3Ho/8UxJdo= root@ubuntu-xenial
ssh-ed25519 AAAAC3NzaC1lZDI1NTE5AAAAIBGzEuNH6WaagtozpJ+yZ8YOtULHXN8prs7O/zdYJv/n root@ubuntu-xenial
ssh-rsa AAAAB3NzaC1yc2EAAAADAQABAAABAQDKbjgrOP/ukr7l+3C9aAWaoI0zc87gyLWM3D0BT3xz76vFSMsNq5W71+0P2aQtbjPcXgvO/2VXktea4tZa/mHV8D28YYAQbTtxHSs4ooD+2Qlzo0mm/89iC/5RYwlK6bKgT0ufs4r8OltltEdNQcXJi09gt5YSC6gRHiDFcUYhTaRuOChLBeLIf+w4En6XjLvyjYnxoJ+flLS3eJoGDx+W0/wFSRQKxN3Fn6tm1Iyw4vMEy5Edq7yQTXqLjb37bEkK/hnHc/43ayDJgTpB9jWwNsh+K4xA9mmCs7zmj0GA9XetV55LGWRDOwLS+SJFZkDaVxKlJ797ST5F4QrdEg5v root@ubuntu-xenial
-----END SSH HOST KEY KEYS-----
[   18.296628] cloud-init[1292]: Cloud-init v. 18.4-0ubuntu1~16.04.2 running 'modules:final' at Mon, 14 Jan 2019 12:16:12 +0000. Up 18.05 seconds.
[   18.299628] cloud-init[1292]: ci-info: no authorized ssh keys fingerprints found for user ubuntu.
[   18.301826] cloud-init[1292]: Cloud-init v. 18.4-0ubuntu1~16.04.2 finished at Mon, 14 Jan 2019 12:16:13 +0000. Datasource DataSourceNoCloud [seed=/dev/sdb][dsmode=net].  Up 18.28 seconds
[[0;32m  OK  [0m] Started Execute cloud user/final scripts.
[[0;32m  OK  [0m] Reached target Cloud-init target.

Ubuntu 16.04.5 LTS ubuntu-xenial ttyS0

ubuntu-xenial login: 